<?xml version="1.0" encoding="UTF-8"?>
<!-- Generated by org.testng.reporters.JUnitReportReporter -->
<testsuite skipped="0" hostname="BRIMACLAP086.local" name="com.test.automation.test.HomeTest" tests="1" failures="0" timestamp="11 Apr 2020 17:03:06 GMT" time="31.731" errors="0">
  <testcase name="validateHomePageTest" time="31.731" classname="com.test.automation.test.HomeTest"/>
</testsuite> <!-- com.test.automation.test.HomeTest -->
