<?xml version="1.0" encoding="UTF-8"?>
<!-- Generated by org.testng.reporters.JUnitReportReporter -->
<testsuite skipped="0" hostname="BRIMACLAP086.local" name="com.test.automation.test.FullLDPTest" tests="3" failures="0" timestamp="11 Apr 2020 17:03:06 GMT" time="0.000" errors="0">
  <testcase name="FullLDPDummy3Test" time="0.000" classname="com.test.automation.test.FullLDPTest"/>
  <testcase name="FullLDPDummy1Test" time="0.000" classname="com.test.automation.test.FullLDPTest"/>
  <testcase name="FullLDPDummy2Test" time="0.000" classname="com.test.automation.test.FullLDPTest"/>
</testsuite> <!-- com.test.automation.test.FullLDPTest -->
